Arguments: 
  C:\Program Files\nodejs\node.exe C:\Program Files\nodejs\node_modules\yarn\bin\yarn.js add --save mocha ganche-cli web3

PATH: 
  C:\Python39\Scripts\;C:\Python39\;C:\Program Files\Common Files\Oracle\Java\javapath;C:\Windows\system32;C:\Windows;C:\Windows\System32\Wbem;C:\Windows\System32\WindowsPowerShell\v1.0\;C:\Windows\System32\OpenSSH\;C:\Program Files (x86)\NVIDIA Corporation\PhysX\Common;C:\Program Files\NVIDIA Corporation\NVIDIA NvDLISR;C:\Program Files\Intel\WiFi\bin\;C:\Program Files\Common Files\Intel\WirelessCommon\;C:\Program Files\Git\cmd;C:\WINDOWS\system32;C:\WINDOWS;C:\WINDOWS\System32\Wbem;C:\WINDOWS\System32\WindowsPowerShell\v1.0\;C:\WINDOWS\System32\OpenSSH\;C:\Program Files\nodejs;C:\ProgramData\chocolatey\bin;C:\Program Files\nodejs\;C:\Users\Himanshu\.windows-build-tools\python27\;C:\Program Files\MySQL\MySQL Shell 8.0\bin\;C:\Users\Himanshu\AppData\Local\Microsoft\WindowsApps;C:\Users\Himanshu\AppData\Local\atom\bin;C:\Users\Himanshu\AppData\Local\Programs\Microsoft VS Code\bin;C:\Users\Himanshu\AppData\Local\Microsoft\WindowsApps;C:\Users\Himanshu\AppData\Local\GitHubDesktop\bin;C:\Users\Himanshu\AppData\Roaming\npm

Yarn version: 
  1.22.17

Node version: 
  16.13.1

Platform: 
  win32 x64

Trace: 
  Error: https://registry.yarnpkg.com/ganche-cli: Not found
      at Request.params.callback [as _callback] (C:\Program Files\nodejs\node_modules\yarn\lib\cli.js:67029:18)
      at Request.self.callback (C:\Program Files\nodejs\node_modules\yarn\lib\cli.js:140883:22)
      at Request.emit (node:events:390:28)
      at Request.<anonymous> (C:\Program Files\nodejs\node_modules\yarn\lib\cli.js:141855:10)
      at Request.emit (node:events:390:28)
      at IncomingMessage.<anonymous> (C:\Program Files\nodejs\node_modules\yarn\lib\cli.js:141777:12)
      at Object.onceWrapper (node:events:509:28)
      at IncomingMessage.emit (node:events:402:35)
      at endReadableNT (node:internal/streams/readable:1343:12)
      at processTicksAndRejections (node:internal/process/task_queues:83:21)

npm manifest: 
  {
    "name": "sol_deployement",
    "version": "1.0.0",
    "main": "index.js",
    "license": "MIT",
    "dependencies": {
      "save": "^2.4.0",
      "solc": "^0.8.11"
    }
  }

yarn manifest: 
  No manifest

Lockfile: 
  # THIS IS AN AUTOGENERATED FILE. DO NOT EDIT THIS FILE DIRECTLY.
  # yarn lockfile v1
  
  
  async@^2.6.2:
    version "2.6.3"
    resolved "https://registry.yarnpkg.com/async/-/async-2.6.3.tgz#d72625e2344a3656e3a3ad4fa749fa83299d82ff"
    integrity sha512-zflvls11DCy+dQWzTW2dzuilv8Z5X/pjfmZOWba6TNIVDm+2UDaJmXSOXlasHKfNBs8oo3M0aT50fDEWfKZjXg==
    dependencies:
      lodash "^4.17.14"
  
  balanced-match@^1.0.0:
    version "1.0.2"
    resolved "https://registry.yarnpkg.com/balanced-match/-/balanced-match-1.0.2.tgz#e83e3a7e3f300b34cb9d87f615fa0cbf357690ee"
    integrity sha512-3oSeUO0TMV67hN1AmbXsK4yaqU7tjiHlbxRDZOpH0KW9+CeX4bRAaX0Anxt0tx2MrpRpWwQaPwIlISEJhYU5Pw==
  
  brace-expansion@^1.1.7:
    version "1.1.11"
    resolved "https://registry.yarnpkg.com/brace-expansion/-/brace-expansion-1.1.11.tgz#3c7fcbf529d87226f3d2f52b966ff5271eb441dd"
    integrity sha512-iCuPHDFgrHX7H2vEI/5xpz07zSHB00TpugqhmYtVmMO6518mCuRMoOYFldEBl0g187ufozdaHgWKcYFb61qGiA==
    dependencies:
      balanced-match "^1.0.0"
      concat-map "0.0.1"
  
  command-exists@^1.2.8:
    version "1.2.9"
    resolved "https://registry.yarnpkg.com/command-exists/-/command-exists-1.2.9.tgz#c50725af3808c8ab0260fd60b01fbfa25b954f69"
    integrity sha512-LTQ/SGc+s0Xc0Fu5WaKnR0YiygZkm9eKFvyS+fRsU7/ZWFF8ykFM6Pc9aCVf1+xasOOZpO3BAVgVrKvsqKHV7w==
  
  commander@^8.1.0:
    version "8.3.0"
    resolved "https://registry.yarnpkg.com/commander/-/commander-8.3.0.tgz#4837ea1b2da67b9c616a67afbb0fafee567bca66"
    integrity sha512-OkTL9umf+He2DZkUq8f8J9of7yL6RJKI24dVITBmNfZBmri9zYZQrKkuXiKhyfPSu8tUhnVBB1iKXevvnlR4Ww==
  
  concat-map@0.0.1:
    version "0.0.1"
    resolved "https://registry.yarnpkg.com/concat-map/-/concat-map-0.0.1.tgz#d8a96bd77fd68df7793a73036a3ba0d5405d477b"
    integrity sha1-2Klr13/Wjfd5OnMDajug1UBdR3s=
  
  duplexer@^0.1.1, duplexer@~0.1.1:
    version "0.1.2"
    resolved "https://registry.yarnpkg.com/duplexer/-/duplexer-0.1.2.tgz#3abe43aef3835f8ae077d136ddce0f276b0400e6"
    integrity sha512-jtD6YG370ZCIi/9GTaJKQxWTZD045+4R4hTk/x1UyoqadyJ9x9CgSi1RlVDQF8U2sxLLSnFkCaMihqljHIWgMg==
  
  event-stream@^4.0.1:
    version "4.0.1"
    resolved "https://registry.yarnpkg.com/event-stream/-/event-stream-4.0.1.tgz#4092808ec995d0dd75ea4580c1df6a74db2cde65"
    integrity sha512-qACXdu/9VHPBzcyhdOWR5/IahhGMf0roTeZJfzz077GwylcDd90yOHLouhmv7GJ5XzPi6ekaQWd8AvPP2nOvpA==
    dependencies:
      duplexer "^0.1.1"
      from "^0.1.7"
      map-stream "0.0.7"
      pause-stream "^0.0.11"
      split "^1.0.1"
      stream-combiner "^0.2.2"
      through "^2.3.8"
  
  follow-redirects@^1.12.1:
    version "1.14.7"
    resolved "https://registry.yarnpkg.com/follow-redirects/-/follow-redirects-1.14.7.tgz#2004c02eb9436eee9a21446a6477debf17e81685"
    integrity sha512-+hbxoLbFMbRKDwohX8GkTataGqO6Jb7jGwpAlwgy2bIz25XtRm7KEzJM76R1WiNT5SwZkX4Y75SwBolkpmE7iQ==
  
  from@^0.1.7:
    version "0.1.7"
    resolved "https://registry.yarnpkg.com/from/-/from-0.1.7.tgz#83c60afc58b9c56997007ed1a768b3ab303a44fe"
    integrity sha1-g8YK/Fi5xWmXAH7Rp2izqzA6RP4=
  
  fs-extra@^0.30.0:
    version "0.30.0"
    resolved "https://registry.yarnpkg.com/fs-extra/-/fs-extra-0.30.0.tgz#f233ffcc08d4da7d432daa449776989db1df93f0"
    integrity sha1-8jP/zAjU2n1DLapEl3aYnbHfk/A=
    dependencies:
      graceful-fs "^4.1.2"
      jsonfile "^2.1.0"
      klaw "^1.0.0"
      path-is-absolute "^1.0.0"
      rimraf "^2.2.8"
  
  fs.realpath@^1.0.0:
    version "1.0.0"
    resolved "https://registry.yarnpkg.com/fs.realpath/-/fs.realpath-1.0.0.tgz#1504ad2523158caa40db4a2787cb01411994ea4f"
    integrity sha1-FQStJSMVjKpA20onh8sBQRmU6k8=
  
  glob@^7.1.3:
    version "7.2.0"
    resolved "https://registry.yarnpkg.com/glob/-/glob-7.2.0.tgz#d15535af7732e02e948f4c41628bd910293f6023"
    integrity sha512-lmLf6gtyrPq8tTjSmrO94wBeQbFR3HbLHbuyD69wuyQkImp2hWqMGB47OX65FBkPffO641IP9jWa1z4ivqG26Q==
    dependencies:
      fs.realpath "^1.0.0"
      inflight "^1.0.4"
      inherits "2"
      minimatch "^3.0.4"
      once "^1.3.0"
      path-is-absolute "^1.0.0"
  
  graceful-fs@^4.1.2, graceful-fs@^4.1.6, graceful-fs@^4.1.9:
    version "4.2.9"
    resolved "https://registry.yarnpkg.com/graceful-fs/-/graceful-fs-4.2.9.tgz#041b05df45755e587a24942279b9d113146e1c96"
    integrity sha512-NtNxqUcXgpW2iMrfqSfR73Glt39K+BLwWsPs94yR63v45T0Wbej7eRmL5cWfwEgqXnmjQp3zaJTshdRW/qC2ZQ==
  
  inflight@^1.0.4:
    version "1.0.6"
    resolved "https://registry.yarnpkg.com/inflight/-/inflight-1.0.6.tgz#49bd6331d7d02d0c09bc910a1075ba8165b56df9"
    integrity sha1-Sb1jMdfQLQwJvJEKEHW6gWW1bfk=
    dependencies:
      once "^1.3.0"
      wrappy "1"
  
  inherits@2:
    version "2.0.4"
    resolved "https://registry.yarnpkg.com/inherits/-/inherits-2.0.4.tgz#0fa2c64f932917c3433a0ded55363aae37416b7c"
    integrity sha512-k/vGaX4/Yla3WzyMCvTQOXYeIHvqOKtnqBduzTHpzpQZzAskKMhZ2K+EnBiSM9zGSoIFeMpXKxa4dYeZIQqewQ==
  
  js-sha3@0.8.0:
    version "0.8.0"
    resolved "https://registry.yarnpkg.com/js-sha3/-/js-sha3-0.8.0.tgz#b9b7a5da73afad7dedd0f8c463954cbde6818840"
    integrity sha512-gF1cRrHhIzNfToc802P800N8PpXS+evLLXfsVpowqmAFR9uwbi89WvXg2QspOmXL8QL86J4T1EpFu+yUkwJY3Q==
  
  jsonfile@^2.1.0:
    version "2.4.0"
    resolved "https://registry.yarnpkg.com/jsonfile/-/jsonfile-2.4.0.tgz#3736a2b428b87bbda0cc83b53fa3d633a35c2ae8"
    integrity sha1-NzaitCi4e72gzIO1P6PWM6NcKug=
    optionalDependencies:
      graceful-fs "^4.1.6"
  
  klaw@^1.0.0:
    version "1.3.1"
    resolved "https://registry.yarnpkg.com/klaw/-/klaw-1.3.1.tgz#4088433b46b3b1ba259d78785d8e96f73ba02439"
    integrity sha1-QIhDO0azsbolnXh4XY6W9zugJDk=
    optionalDependencies:
      graceful-fs "^4.1.9"
  
  lodash.assign@^4.2.0:
    version "4.2.0"
    resolved "https://registry.yarnpkg.com/lodash.assign/-/lodash.assign-4.2.0.tgz#0d99f3ccd7a6d261d19bdaeb9245005d285808e7"
    integrity sha1-DZnzzNem0mHRm9rrkkUAXShYCOc=
  
  lodash@^4.17.14:
    version "4.17.21"
    resolved "https://registry.yarnpkg.com/lodash/-/lodash-4.17.21.tgz#679591c564c3bffaae8454cf0b3df370c3d6911c"
    integrity sha512-v2kDEe57lecTulaDIuNTPy3Ry4gLGJ6Z1O3vE1krgXZNrsQ+LFTGHVxVjcXPs17LhbZVGedAJv8XZ1tvj5FvSg==
  
  map-stream@0.0.7:
    version "0.0.7"
    resolved "https://registry.yarnpkg.com/map-stream/-/map-stream-0.0.7.tgz#8a1f07896d82b10926bd3744a2420009f88974a8"
    integrity sha1-ih8HiW2CsQkmvTdEokIACfiJdKg=
  
  memorystream@^0.3.1:
    version "0.3.1"
    resolved "https://registry.yarnpkg.com/memorystream/-/memorystream-0.3.1.tgz#86d7090b30ce455d63fbae12dda51a47ddcaf9b2"
    integrity sha1-htcJCzDORV1j+64S3aUaR93K+bI=
  
  mingo@1:
    version "1.3.3"
    resolved "https://registry.yarnpkg.com/mingo/-/mingo-1.3.3.tgz#6922c4d147efc771a01425a2c4c8f7784478c546"
    integrity sha1-aSLE0Ufvx3GgFCWixMj3eER4xUY=
  
  minimatch@^3.0.4:
    version "3.0.4"
    resolved "https://registry.yarnpkg.com/minimatch/-/minimatch-3.0.4.tgz#5166e286457f03306064be5497e8dbb0c3d32083"
    integrity sha512-yJHVQEhyqPLUTgt9B83PXu6W3rx4MvvHvSUvToogpwoGDOUQ+yDrR0HRot+yOCdCO7u4hX3pWft6kWBBcqh0UA==
    dependencies:
      brace-expansion "^1.1.7"
  
  once@^1.3.0:
    version "1.4.0"
    resolved "https://registry.yarnpkg.com/once/-/once-1.4.0.tgz#583b1aa775961d4b113ac17d9c50baef9dd76bd1"
    integrity sha1-WDsap3WWHUsROsF9nFC6753Xa9E=
    dependencies:
      wrappy "1"
  
  os-tmpdir@~1.0.2:
    version "1.0.2"
    resolved "https://registry.yarnpkg.com/os-tmpdir/-/os-tmpdir-1.0.2.tgz#bbe67406c79aa85c5cfec766fe5734555dfa1274"
    integrity sha1-u+Z0BseaqFxc/sdm/lc0VV36EnQ=
  
  path-is-absolute@^1.0.0:
    version "1.0.1"
    resolved "https://registry.yarnpkg.com/path-is-absolute/-/path-is-absolute-1.0.1.tgz#174b9268735534ffbc7ace6bf53a5a9e1b5c5f5f"
    integrity sha1-F0uSaHNVNP+8es5r9TpanhtcX18=
  
  pause-stream@^0.0.11:
    version "0.0.11"
    resolved "https://registry.yarnpkg.com/pause-stream/-/pause-stream-0.0.11.tgz#fe5a34b0cbce12b5aa6a2b403ee2e73b602f1445"
    integrity sha1-/lo0sMvOErWqaitAPuLnO2AvFEU=
    dependencies:
      through "~2.3"
  
  require-from-string@^2.0.0:
    version "2.0.2"
    resolved "https://registry.yarnpkg.com/require-from-string/-/require-from-string-2.0.2.tgz#89a7fdd938261267318eafe14f9c32e598c36909"
    integrity sha512-Xf0nWe6RseziFMu+Ap9biiUbmplq6S9/p+7w7YXP/JBHhrUDDUhwa+vANyubuqfZWTveU//DYVGsDG7RKL/vEw==
  
  rimraf@^2.2.8:
    version "2.7.1"
    resolved "https://registry.yarnpkg.com/rimraf/-/rimraf-2.7.1.tgz#35797f13a7fdadc566142c29d4f07ccad483e3ec"
    integrity sha512-uWjbaKIK3T1OSVptzX7Nl6PvQ3qAGtKEtVRjRuazjfL3Bx5eI409VZSqgND+4UNnmzLVdPj9FqFJNPqBZFve4w==
    dependencies:
      glob "^7.1.3"
  
  save@^2.4.0:
    version "2.4.0"
    resolved "https://registry.yarnpkg.com/save/-/save-2.4.0.tgz#af93ff9b3d7a41d0aff49a23433870613a460f9b"
    integrity sha512-wd5L2uVnsKYkIUaK6i8Ie66IOHaI328gMF0MPuTJtYOjXgUolC33LSIk7Qr8WVA55QHaGwfiVS8a7EFIeGOR3w==
    dependencies:
      async "^2.6.2"
      event-stream "^4.0.1"
      lodash.assign "^4.2.0"
      mingo "1"
  
  semver@^5.5.0:
    version "5.7.1"
    resolved "https://registry.yarnpkg.com/semver/-/semver-5.7.1.tgz#a954f931aeba508d307bbf069eff0c01c96116f7"
    integrity sha512-sauaDf/PZdVgrLTNYHRtpXa1iRiKcaebiKQ1BJdpQlWH2lCvexQdX55snPFyK7QzpudqbCI0qXFfOasHdyNDGQ==
  
  solc@^0.8.11:
    version "0.8.11"
    resolved "https://registry.yarnpkg.com/solc/-/solc-0.8.11.tgz#0df47161fa85c36949f14773d4aa4eedf8942a4d"
    integrity sha512-CdK4pk6VZowmXv7l4lftbr/QUWsHEr+xcdcGHJVgynD08gRwFT4zAFCb3b/eR0FUVVszcHulpGJwEoKRKKrnKw==
    dependencies:
      command-exists "^1.2.8"
      commander "^8.1.0"
      follow-redirects "^1.12.1"
      fs-extra "^0.30.0"
      js-sha3 "0.8.0"
      memorystream "^0.3.1"
      require-from-string "^2.0.0"
      semver "^5.5.0"
      tmp "0.0.33"
  
  split@^1.0.1:
    version "1.0.1"
    resolved "https://registry.yarnpkg.com/split/-/split-1.0.1.tgz#605bd9be303aa59fb35f9229fbea0ddec9ea07d9"
    integrity sha512-mTyOoPbrivtXnwnIxZRFYRrPNtEFKlpB2fvjSnCQUiAA6qAZzqwna5envK4uk6OIeP17CsdF3rSBGYVBsU0Tkg==
    dependencies:
      through "2"
  
  stream-combiner@^0.2.2:
    version "0.2.2"
    resolved "https://registry.yarnpkg.com/stream-combiner/-/stream-combiner-0.2.2.tgz#aec8cbac177b56b6f4fa479ced8c1912cee52858"
    integrity sha1-rsjLrBd7Vrb0+kec7YwZEs7lKFg=
    dependencies:
      duplexer "~0.1.1"
      through "~2.3.4"
  
  through@2, through@^2.3.8, through@~2.3, through@~2.3.4:
    version "2.3.8"
    resolved "https://registry.yarnpkg.com/through/-/through-2.3.8.tgz#0dd4c9ffaabc357960b1b724115d7e0e86a2e1f5"
    integrity sha1-DdTJ/6q8NXlgsbckEV1+Doai4fU=
  
  tmp@0.0.33:
    version "0.0.33"
    resolved "https://registry.yarnpkg.com/tmp/-/tmp-0.0.33.tgz#6d34335889768d21b2bcda0aa277ced3b1bfadf9"
    integrity sha512-jRCJlojKnZ3addtTOjdIqoRuPEKBvNXcGYqzO6zWZX8KfKEpnGY5jfggJQ3EjKuu8D4bJRr0y+cYJFmYbImXGw==
    dependencies:
      os-tmpdir "~1.0.2"
  
  wrappy@1:
    version "1.0.2"
    resolved "https://registry.yarnpkg.com/wrappy/-/wrappy-1.0.2.tgz#b5243d8f3ec1aa35f1364605bc0d1036e30ab69f"
    integrity sha1-tSQ9jz7BqjXxNkYFvA0QNuMKtp8=
